#######################################################################################
# log primitive debug message of FSDB dumping                                         #
# This is for R&D to analyze when there are issues happening when FSDB dump           #
#######################################################################################
ANF: vcsd_get_serial_mode_status('./simv_cov: undefined symbol: vcsd_get_serial_mode_status')
ANF: vcsd_enable_sva_success_callback('./simv_cov: undefined symbol: vcsd_enable_sva_success_callback')
ANF: vcsd_disable_sva_success_callback('./simv_cov: undefined symbol: vcsd_disable_sva_success_callback')
ANF: fsdb_enable_class_obj_dynamic_dump('./simv_cov: undefined symbol: fsdb_enable_class_obj_dynamic_dump')
ANF: vcsd_get_power_scope_name('./simv_cov: undefined symbol: vcsd_get_power_scope_name')
ANF: vcsd_begin_no_value_var_info('./simv_cov: undefined symbol: vcsd_begin_no_value_var_info')
ANF: vcsd_end_no_value_var_info('./simv_cov: undefined symbol: vcsd_end_no_value_var_info')
ANF: vcsd_remove_xprop_merge_mode_callback('./simv_cov: undefined symbol: vcsd_remove_xprop_merge_mode_callback')
ANF: vcsdIsClassDefPartialEncrypt('./simv_cov: undefined symbol: vcsdIsClassDefPartialEncrypt')
ANF: vcsdIsBaseClassDefEncrypt('./simv_cov: undefined symbol: vcsdIsBaseClassDefEncrypt')
ANF: vhpi_get_cb_info('./simv_cov: undefined symbol: vhpi_get_cb_info')
ANF: vhpi_free_handle('./simv_cov: undefined symbol: vhpi_free_handle')
ANF: vhpi_fetch_vcsd_handle('./simv_cov: undefined symbol: vhpi_fetch_vcsd_handle')
ANF: vhpi_fetch_vpi_handle('./simv_cov: undefined symbol: vhpi_fetch_vpi_handle')
ANF: vhpi_has_verilog_parent('./simv_cov: undefined symbol: vhpi_has_verilog_parent')
ANF: vhpi_is_verilog_scope('./simv_cov: undefined symbol: vhpi_is_verilog_scope')
ANF: scsd_xprop_is_enabled('./simv_cov: undefined symbol: scsd_xprop_is_enabled')
ANF: scsd_xprop_sig_is_promoted('./simv_cov: undefined symbol: scsd_xprop_sig_is_promoted')
ANF: scsd_xprop_int_xvalue('./simv_cov: undefined symbol: scsd_xprop_int_xvalue')
ANF: scsd_xprop_bool_xvalue('./simv_cov: undefined symbol: scsd_xprop_bool_xvalue')
ANF: scsd_xprop_enum_xvalue('./simv_cov: undefined symbol: scsd_xprop_enum_xvalue')
ANF: scsd_xprop_register_merge_mode_cb('./simv_cov: undefined symbol: scsd_xprop_register_merge_mode_cb')
ANF: scsd_xprop_delete_merge_mode_cb('./simv_cov: undefined symbol: scsd_xprop_delete_merge_mode_cb')
ANF: scsd_xprop_get_merge_mode('./simv_cov: undefined symbol: scsd_xprop_get_merge_mode')
ANF: scsd_thread_get_info('./simv_cov: undefined symbol: scsd_thread_get_info')
ANF: scsd_thread_vc_init('./simv_cov: undefined symbol: scsd_thread_vc_init')
ANF: scsd_master_set_delta_sync_cbk('./simv_cov: undefined symbol: scsd_master_set_delta_sync_cbk')
ANF: scsd_fgp_get_fsdb_cores('./simv_cov: undefined symbol: scsd_fgp_get_fsdb_cores')
ANF: vdi_get_ie_analog_alias_info('./simv_cov: undefined symbol: vdi_get_ie_analog_alias_info')
ANF: vhdi_dt_get_type('./simv_cov: undefined symbol: vhdi_dt_get_type')
ANF: vhdi_dt_get_key('./simv_cov: undefined symbol: vhdi_dt_get_key')
ANF: vhdi_dt_get_vhdl_enum_info('./simv_cov: undefined symbol: vhdi_dt_get_vhdl_enum_info')
ANF: vhdi_dt_get_vhdl_physical_info('./simv_cov: undefined symbol: vhdi_dt_get_vhdl_physical_info')
ANF: vhdi_dt_get_vhdl_array_info('./simv_cov: undefined symbol: vhdi_dt_get_vhdl_array_info')
ANF: vhdi_dt_get_vhdl_record_info('./simv_cov: undefined symbol: vhdi_dt_get_vhdl_record_info')
ANF: vhdi_def_traverse_module('./simv_cov: undefined symbol: vhdi_def_traverse_module')
ANF: vhdi_def_traverse_scope('./simv_cov: undefined symbol: vhdi_def_traverse_scope')
ANF: vhdi_def_traverse_variable('./simv_cov: undefined symbol: vhdi_def_traverse_variable')
ANF: vhdi_def_get_module_id_by_vhpi('./simv_cov: undefined symbol: vhdi_def_get_module_id_by_vhpi')
ANF: vhdi_def_get_handle_by_module_id('./simv_cov: undefined symbol: vhdi_def_get_handle_by_module_id')
ANF: vhdi_def_get_variable_info_by_vhpi('./simv_cov: undefined symbol: vhdi_def_get_variable_info_by_vhpi')
ANF: vhdi_def_free('./simv_cov: undefined symbol: vhdi_def_free')
ANF: vhdi_ist_traverse_scope('./simv_cov: undefined symbol: vhdi_ist_traverse_scope')
ANF: vhdi_ist_traverse_variable('./simv_cov: undefined symbol: vhdi_ist_traverse_variable')
ANF: vhdi_ist_convert_by_vhpi('./simv_cov: undefined symbol: vhdi_ist_convert_by_vhpi')
ANF: vhdi_ist_clone('./simv_cov: undefined symbol: vhdi_ist_clone')
ANF: vhdi_ist_free('./simv_cov: undefined symbol: vhdi_ist_free')
ANF: vhdi_ist_hash_key('./simv_cov: undefined symbol: vhdi_ist_hash_key')
ANF: vhdi_ist_compare('./simv_cov: undefined symbol: vhdi_ist_compare')
ANF: vhdi_ist_get_value_addr('./simv_cov: undefined symbol: vhdi_ist_get_value_addr')
ANF: vhdi_set_scsd_callback('./simv_cov: undefined symbol: vhdi_set_scsd_callback')
ANF: vhdi_cbk_set_force_callback('./simv_cov: undefined symbol: vhdi_cbk_set_force_callback')
ANF: vhdi_trigger_init_force('./simv_cov: undefined symbol: vhdi_trigger_init_force')
ANF: vhdi_ist_check_scsd_callback('./simv_cov: undefined symbol: vhdi_ist_check_scsd_callback')
ANF: vhdi_ist_add_scsd_callback('./simv_cov: undefined symbol: vhdi_ist_add_scsd_callback')
ANF: vhdi_ist_remove_scsd_callback('./simv_cov: undefined symbol: vhdi_ist_remove_scsd_callback')
ANF: vhdi_ist_get_scsd_user_data('./simv_cov: undefined symbol: vhdi_ist_get_scsd_user_data')
ANF: vhdi_add_time_change_callback('./simv_cov: undefined symbol: vhdi_add_time_change_callback')
ANF: vhdi_get_real_value_by_value_addr('./simv_cov: undefined symbol: vhdi_get_real_value_by_value_addr')
ANF: vhdi_get_64_value_by_value_addr('./simv_cov: undefined symbol: vhdi_get_64_value_by_value_addr')
ANF: vhdi_xprop_inst_is_promoted('./simv_cov: undefined symbol: vhdi_xprop_inst_is_promoted')
ANF: vdi_ist_convert_by_vhdi('./simv_cov: undefined symbol: vdi_ist_convert_by_vhdi')
ANF: vhdi_ist_get_module_id('./simv_cov: undefined symbol: vhdi_ist_get_module_id')
ANF: vhdi_refine_foreign_scope_type('./simv_cov: undefined symbol: vhdi_refine_foreign_scope_type')
ANF: vhdi_flush_callback('./simv_cov: undefined symbol: vhdi_flush_callback')
ANF: vhdi_set_orig_name('./simv_cov: undefined symbol: vhdi_set_orig_name')
ANF: vhdi_set_dump_pt('./simv_cov: undefined symbol: vhdi_set_dump_pt')
ANF: vhdi_get_fsdb_option('./simv_cov: undefined symbol: vhdi_get_fsdb_option')
ANF: vhdi_fgp_get_mode('./simv_cov: undefined symbol: vhdi_fgp_get_mode')
ANF: vhdi_node_register_composite_var('./simv_cov: undefined symbol: vhdi_node_register_composite_var')
ANF: vhdi_node_analysis('./simv_cov: undefined symbol: vhdi_node_analysis')
ANF: vhdi_node_id('./simv_cov: undefined symbol: vhdi_node_id')
ANF: vhdi_node_ist_check_scsd_callback('./simv_cov: undefined symbol: vhdi_node_ist_check_scsd_callback')
ANF: vhdi_node_ist_add_scsd_callback('./simv_cov: undefined symbol: vhdi_node_ist_add_scsd_callback')
ANF: vhdi_node_ist_get_value_addr('./simv_cov: undefined symbol: vhdi_node_ist_get_value_addr')
ANF: vhdi_enc_def_traverse_module('./simv_cov: undefined symbol: vhdi_enc_def_traverse_module')
ANF: vhdi_enc_def_traverse_scope('./simv_cov: undefined symbol: vhdi_enc_def_traverse_scope')
ANF: vhdi_enc_def_traverse_variable('./simv_cov: undefined symbol: vhdi_enc_def_traverse_variable')
ANF: vhdi_enc_ist_traverse_scope('./simv_cov: undefined symbol: vhdi_enc_ist_traverse_scope')
ANF: vhdi_enc_ist_traverse_variable('./simv_cov: undefined symbol: vhdi_enc_ist_traverse_variable')
ANF: vhdi_enc_ist_get_module_id('./simv_cov: undefined symbol: vhdi_enc_ist_get_module_id')
ANF: vhdi_enc_def_get_handle_by_module_id('./simv_cov: undefined symbol: vhdi_enc_def_get_handle_by_module_id')
VCS compile option:
 option[0]: ./simv_cov
 option[1]: -ucli
 option[2]: -do
 option[3]: sim.do
 option[4]: -cm
 option[5]: line+cond+fsm+tgl+branch+assert
 option[6]: -l
 option[7]: sim.log
 option[8]: /opt/Synopsys/vcs_202003/Q-2020.03-SP2-7/linux64/bin/vcs1
 option[9]: -Mcc=gcc
 option[10]: -Mcplusplus=g++
 option[11]: -Masflags=
 option[12]: -Mcfl= -pipe -fPIC -O -I/opt/Synopsys/vcs_202003/Q-2020.03-SP2-7/include 
 option[13]: -Mxllcflags=
 option[14]: -Mxcflags= -pipe -fPIC -I/opt/Synopsys/vcs_202003/Q-2020.03-SP2-7/include
 option[15]: -Mldflags= -rdynamic 
 option[16]: -Mout=./simv_cov
 option[17]: -Mamsrun=
 option[18]: -Mvcsaceobjs=
 option[19]: -Mobjects= /opt/Synopsys/vcs_202003/Q-2020.03-SP2-7/linux64/lib/liberrorinf.so /opt/Synopsys/vcs_202003/Q-2020.03-SP2-7/linux64/lib/libsnpsmalloc.so /opt/Synopsys/vcs_202003/Q-2020.03-SP2-7/linux64/lib/libvfs.so 
 option[20]: -Mexternalobj=
 option[21]: -Msaverestoreobj=/opt/Synopsys/vcs_202003/Q-2020.03-SP2-7/linux64/lib/vcs_save_restore_new.o
 option[22]: -Mcrt0=
 option[23]: -Mcrtn=
 option[24]: -Mcsrc=
 option[25]: -Mdir=/home/autumn/hhh/sim/build
 option[26]: -Mdir=/home/autumn/hhh/sim/build
 option[27]: -Msyslibs=/opt/Synopsys/verdi_202012/R-2020.12-SP1/share/PLI/VCS/LINUX64/pli.a -ldl 
 option[28]: -uum
 option[29]: work.tb_top
 option[30]: -mxunielab
 option[31]: -uni_make
 option[32]: -Xhdlxmropt
 option[33]: -full64
 option[34]: -debug_acc+all+dmptf
 option[35]: +vpi
 option[36]: +vcsd1
 option[37]: +itf+/opt/Synopsys/vcs_202003/Q-2020.03-SP2-7/linux64/lib/vcsdp_lite.tab
 option[38]: -debug_region+cell+encrypt
 option[39]: -debug_access+idents_db
 option[40]: -Xcbug=0x1
 option[41]: -Xnotice=1
 option[42]: -cm
 option[43]: line+cond+fsm+tgl+branch+assert
 option[44]: -o
 option[45]: ./simv_cov
 option[46]: -uum
 option[47]: -elaboration_options=/tmp/vcs_20251007170729_29918/elaboptfile_29918
 option[48]: -full64
 option[49]: -picarchive
 option[50]: -P
 option[51]: /opt/Synopsys/verdi_202012/R-2020.12-SP1/share/PLI/VCS/LINUX64/verdi.tab
 option[52]: -fsdb
 option[53]: -VHDLelab=-mxunielab -uni_make -nc -Xhdlxmropt -genid_db -cm line+cond+fsm+tgl+branch+assert -exe ./simv_cov -uum -elaboration_options /tmp/vcs_20251007170729_29918/elaboptfile_29918 -picarchive -fsdb -mdirectory /home/autumn/hhh/sim/build -debug_acc_options all+dmptf+idents_db -debug_region_options +cell+encrypt 
 option[54]: -gen_obj
 option[55]: -f
 option[56]: ./simv_cov.daidir/mxopt.db
 option[57]: -load
 option[58]: /opt/Synopsys/verdi_202012/R-2020.12-SP1/share/PLI/VCS/LINUX64/libnovas.so:FSDBDumpCmd
Chronologic Simulation VCS Release Q-2020.03-SP2-7_Full64
Linux 3.10.0-1160.119.1.el7.x86_64 #1 SMP Tue Jun 4 14:43:51 UTC 2024 x86_64
CPU cores: 6
Limit information:
======================================
cputime		unlimited
filesize		unlimited
datasize		unlimited
stacksize		8193 kbytes
coredumpsize		0 kbytes
memoryuse		unlimited
vmemoryuse		unlimited
descriptors		4096
memorylocked		64 kbytes
maxproc		4096
======================================
(Special)Runtime environment variables:

Runtime environment variables:
XDG_VTNR=1
XDG_SESSION_ID=1
SSH_AGENT_PID=2403
HOSTNAME=localhost.localdomain
IMSETTINGS_INTEGRATE_DESKTOP=yes
TERM=xterm-256color
XDG_MENU_PREFIX=gnome-
VTE_VERSION=5204
SHELL=/bin/bash
HISTSIZE=1000
MAKEFLAGS=COV=1 TC=cov
GNOME_TERMINAL_SCREEN=/org/gnome/Terminal/screen/efc154fb_e165_429d_b6cc_1bdc3ba95f64
QTDIR=/usr/lib64/qt-3.3
OLDPWD=/home/autumn/hhh/sim
QTINC=/usr/lib64/qt-3.3/include
IMSETTINGS_MODULE=none
QT_GRAPHICSSYSTEM_CHECKED=1
USER=autumn
MAKEOVERRIDES=${-*-command-variables-*-}
LD_LIBRARY_PATH=/opt/Synopsys/verdi_202012/R-2020.12-SP1/share/PLI/VCS/LINUX64
LS_COLORS=rs=0:di=38;5;27:ln=38;5;51:mh=44;38;5;15:pi=40;38;5;11:so=38;5;13:do=38;5;5:bd=48;5;232;38;5;11:cd=48;5;232;38;5;3:or=48;5;232;38;5;9:mi=05;48;5;232;38;5;15:su=48;5;196;38;5;15:sg=48;5;11;38;5;16:ca=48;5;196;38;5;226:tw=48;5;10;38;5;16:ow=48;5;10;38;5;21:st=48;5;21;38;5;15:ex=38;5;34:*.tar=38;5;9:*.tgz=38;5;9:*.arc=38;5;9:*.arj=38;5;9:*.taz=38;5;9:*.lha=38;5;9:*.lz4=38;5;9:*.lzh=38;5;9:*.lzma=38;5;9:*.tlz=38;5;9:*.txz=38;5;9:*.tzo=38;5;9:*.t7z=38;5;9:*.zip=38;5;9:*.z=38;5;9:*.Z=38;5;9:*.dz=38;5;9:*.gz=38;5;9:*.lrz=38;5;9:*.lz=38;5;9:*.lzo=38;5;9:*.xz=38;5;9:*.bz2=38;5;9:*.bz=38;5;9:*.tbz=38;5;9:*.tbz2=38;5;9:*.tz=38;5;9:*.deb=38;5;9:*.rpm=38;5;9:*.jar=38;5;9:*.war=38;5;9:*.ear=38;5;9:*.sar=38;5;9:*.rar=38;5;9:*.alz=38;5;9:*.ace=38;5;9:*.zoo=38;5;9:*.cpio=38;5;9:*.7z=38;5;9:*.rz=38;5;9:*.cab=38;5;9:*.jpg=38;5;13:*.jpeg=38;5;13:*.gif=38;5;13:*.bmp=38;5;13:*.pbm=38;5;13:*.pgm=38;5;13:*.ppm=38;5;13:*.tga=38;5;13:*.xbm=38;5;13:*.xpm=38;5;13:*.tif=38;5;13:*.tiff=38;5;13:*.png=38;5;13:*.svg=38;5;13:*.svgz=38;5;13:*.mng=38;5;13:*.pcx=38;5;13:*.mov=38;5;13:*.mpg=38;5;13:*.mpeg=38;5;13:*.m2v=38;5;13:*.mkv=38;5;13:*.webm=38;5;13:*.ogm=38;5;13:*.mp4=38;5;13:*.m4v=38;5;13:*.mp4v=38;5;13:*.vob=38;5;13:*.qt=38;5;13:*.nuv=38;5;13:*.wmv=38;5;13:*.asf=38;5;13:*.rm=38;5;13:*.rmvb=38;5;13:*.flc=38;5;13:*.avi=38;5;13:*.fli=38;5;13:*.flv=38;5;13:*.gl=38;5;13:*.dl=38;5;13:*.xcf=38;5;13:*.xwd=38;5;13:*.yuv=38;5;13:*.cgm=38;5;13:*.emf=38;5;13:*.axv=38;5;13:*.anx=38;5;13:*.ogv=38;5;13:*.ogx=38;5;13:*.aac=38;5;45:*.au=38;5;45:*.flac=38;5;45:*.mid=38;5;45:*.midi=38;5;45:*.mka=38;5;45:*.mp3=38;5;45:*.mpc=38;5;45:*.ogg=38;5;45:*.ra=38;5;45:*.wav=38;5;45:*.axa=38;5;45:*.oga=38;5;45:*.spx=38;5;45:*.xspf=38;5;45:
GNOME_TERMINAL_SERVICE=:1.120
COV=1
INDAGO_ROOT=/opt/Cadence/indago_2012
SSH_AUTH_SOCK=/run/user/1000/keyring/ssh
DVE_HOME=/opt/Synopsys/vcs_202003/Q-2020.03-SP2-7
MAKELEVEL=1
SESSION_MANAGER=local/unix:@/tmp/.ICE-unix/2270,unix/unix:/tmp/.ICE-unix/2270
USERNAME=autumn
SNPSLMD_LICENSE_FILE=27000@localhost.localdomain
MFLAGS=
GNOME_SHELL_SESSION_MODE=classic
MAIL=/var/spool/mail/autumn
PATH=/opt/Synopsys/coretools_202012/R-2020.12-SP4/bin:/opt/Synopsys/icc2_202009/R-2020.09-SP1/bin:/opt/Synopsys/waveview_202109/S-2021.09/bin:/opt/Synopsys/hspice_2021.09/hspice/bin:/opt/Synopsys/coretools_202012/R-2020.12-SP4/bin:/opt/Synopsys/icc2_202009/R-2020.09-SP1/bin:/opt/Synopsys/waveview_202109/S-2021.09/bin:/opt/Synopsys/hspice_2021.09/hspice/bin:/usr/lib64/qt-3.3/bin:/usr/local/bin:/usr/local/sbin:/usr/bin:/usr/sbin:/bin:/sbin:/opt/Synopsys/verdi_202012/R-2020.12-SP1/bin:/opt/Synopsys/vcs_202003/Q-2020.03-SP2-7/bin:/opt/Synopsys/primetime_202009/R-2020.09-SP4/bin:/opt/Synopsys/syn_202009/R-2020.09-SP4/bin:/opt/Synopsys/spyglass_202003/Q-2020.03-SP2-3/SPYGLASS_HOME/bin:/opt/Synopsys/fm_202009/R-2020.09/bin:/opt/Synopsys/scl_202103/2021.03/linux64/bin:/opt/Cadence/xrun_2009/tools/bin:/opt/Cadence/xrun_2009/bin:/opt/Cadence/xrun_2009/tools.lnx86/bin:/opt/Cadence/xrun_2009/tools.lnx86/dfII/bin:/opt/Cadence/indago_2012/tools.lnx86/bin:/opt/Cadence/LIBERATE_217/tools/bin:/opt/Cadence/LIBERATE_217/bin:/opt/Cadence/LIBERATE_217/tools.lnx86/bin:/opt/Cadence/LIBERATE_217/tools.lnx86/dfII/bin:/home/autumn/.local/bin:/home/autumn/bin:/opt/Synopsys/verdi_202012/R-2020.12-SP1/bin:/opt/Synopsys/vcs_202003/Q-2020.03-SP2-7/bin:/opt/Synopsys/primetime_202009/R-2020.09-SP4/bin:/opt/Synopsys/syn_202009/R-2020.09-SP4/bin:/opt/Synopsys/spyglass_202003/Q-2020.03-SP2-3/SPYGLASS_HOME/bin:/opt/Synopsys/fm_202009/R-2020.09/bin:/opt/Synopsys/scl_202103/2021.03/linux64/bin:/opt/Cadence/xrun_2009/tools/bin:/opt/Cadence/xrun_2009/bin:/opt/Cadence/xrun_2009/tools.lnx86/bin:/opt/Cadence/xrun_2009/tools.lnx86/dfII/bin:/opt/Cadence/indago_2012/tools.lnx86/bin:/opt/Cadence/LIBERATE_217/tools/bin:/opt/Cadence/LIBERATE_217/bin:/opt/Cadence/LIBERATE_217/tools.lnx86/bin:/opt/Cadence/LIBERATE_217/tools.lnx86/dfII/bin
DESKTOP_SESSION=gnome-classic
PT_HOME=/opt/Synopsys/primetime_202009/R-2020.09-SP4
QT_IM_MODULE=ibus
VERDI_HOME=/opt/Synopsys/verdi_202012/R-2020.12-SP1
PWD=/home/autumn/hhh/sim/cov
XDG_SESSION_TYPE=x11
VCS_HOME=/opt/Synopsys/vcs_202003/Q-2020.03-SP2-7
XMODIFIERS=@im=ibus
FM_HOME=/opt/Synopsys/fm_202009/R-2020.09
LANG=en_US.UTF-8
VRST_HOME=/opt/Cadence/xrun_2009
GDM_LANG=en_US.UTF-8
VCS_ARCH_OVERRIDE=linux
LD_LIBRARY_PATH0=:/opt/Cadence/xrun_2009/tools.lnx86/lib:/opt/Cadence/xrun_2009/tools.lnx86/lib
LM_LICENSE_FILE=/opt/Synopsys/scl_202103/2021.03/admin/license/Synopsys.dat
GDMSESSION=gnome-classic
SPECMAN_HOME=/opt/Cadence/xrun_2009/components/sn
HISTCONTROL=ignoredups
SHLVL=3
XDG_SEAT=seat0
HOME=/home/autumn
GNOME_DESKTOP_SESSION_ID=this-is-deprecated
DC_HOME=/opt/Synopsys/syn_202009/R-2020.09-SP4
LOGNAME=autumn
XDG_SESSION_DESKTOP=gnome-classic
SPYGLASS_HOME=/opt/Synopsys/spyglass_202003/Q-2020.03-SP2-3/SPYGLASS_HOME
QTLIB=/usr/lib64/qt-3.3/lib
DBUS_SESSION_BUS_ADDRESS=unix:abstract=/tmp/dbus-xZu8eDY8C0,guid=b2ca339b177a5536ed389eae68e52755
XDG_DATA_DIRS=/home/autumn/.local/share/flatpak/exports/share/:/var/lib/flatpak/exports/share/:/usr/local/share/:/usr/share/
CDS_LIC_FILE=/opt/Cadence/cdslic/tools/licsrv/generator/cdslic.gen/license.dat
LESSOPEN=||/usr/bin/lesspipe.sh %s
SPECMAN_DIR=/opt/Cadence/xrun_2009/components/sn/
SCL_HOME=/opt/Synopsys/scl_202103/2021.03
WINDOWPATH=1
DISPLAY=:0
XDG_RUNTIME_DIR=/run/user/1000
LIBERATE_ROOT=/opt/Cadence/LIBERATE_217
SPYGLASS_DC_PATH=/opt/Synopsys/syn_202009/R-2020.09-SP4
XDG_CURRENT_DESKTOP=GNOME-Classic:GNOME
INCISIVDIR=/opt/Cadence/xrun_2009
COLORTERM=truecolor
TC=cov
XAUTHORITY=/run/gdm/auth-for-autumn-CWAD3P/database
_=./simv_cov
VCS_PATHMAP_PRELOAD_DONE=1
VCS_STACK_EXEC=true
VCS_EXEC_DONE=1
LC_ALL=C
DVE=/opt/Synopsys/vcs_202003/Q-2020.03-SP2-7/gui/dve
SPECMAN_OUTPUT_TO_TTY=1
FLEXLM_BORROWFILE=/home/autumn/.localhost.localdomain-borrow.txt
Runtime command line arguments:
argv[0]=./simv_cov
argv[1]=-ucli
argv[2]=-do
argv[3]=sim.do
argv[4]=-cm
argv[5]=line+cond+fsm+tgl+branch+assert
argv[6]=-l
argv[7]=sim.log
259 profile - 100
          CPU/Mem usage: 0.470 sys,  0.280 user,  369.27M mem
260 Elapsed time:    0:00:06    Tue Oct  7 10:07:43 2025
261 pliAppInit
262 [SC]Init: MemoryConsumed=0.00MB ElapsedTime=0hour 0min. 0sec.
263 FSDB_GATE is set.
264 FSDB_RTL is set.
265 FSDB_FIELDTYPE is set.
266 FSDB_ALIAS_ARRAY_ELEM is set to 4294967295.
267 Enable Parallel Dumping.
268 pliAppMiscSet: New Sim Round
269 pliEntryInit
270 LIBSSCORE=found /opt/Synopsys/verdi_202012/R-2020.12-SP1/share/PLI/lib/LINUXAMD64/libsscore_vcs202003.so through $NOVAS_HOME setting.
271 FSDB Dumper for VCS, Release Verdi_R-2020.12-SP1, Linux x86_64/64bit, 03/02/2021
272 (C) 1996 - 2021 by Synopsys, Inc.
273 sps_call_fsdbDumpfile_main at 0 : ../../tb/tb_env/tb_top.sv(27)
274 argv[0]: (top.fsdb)
275 *Verdi* : Create FSDB file 'top.fsdb'
276 [spi_vcs_vd_ppi_create_root]: no upf option
277 FSDB dumper cannot dump UPF related power signal ($power_tree): no ppiPowerNetwork.
278 compile option from '/home/autumn/hhh/sim/cov/simv_cov.daidir/vcs_rebuild'.
279   "vcs '-full64' '-debug_acc+all+dmptf' '-debug_region+cell+encrypt' '-debug_access+idents_db' '-notice' '-cm' 'line+cond+fsm+tgl+branch+assert' 'work.tb_top' '-Mdir=/home/autumn/hhh/sim/build' '-o' './simv_cov' "-Xrebuild" "-makedepends=Makefile.Msimdepends""
280   "gmake -f Makefile.Msimdepends"
281   "vcs '-full64' '-debug_acc+all+dmptf' '-debug_region+cell+encrypt' '-debug_access+idents_db' '-notice' '-cm' 'line+cond+fsm+tgl+branch+assert' 'work.tb_top' '-Mdir=/home/autumn/hhh/sim/build' '-o' './simv_cov' 2>&1"
282 DVDI_is_vir_unload_enabled is enable
283 FSDB_VCS_ENABLE_NATIVE_VC is enable
284 sps_call_fsdbDumpvars_vd_main at 0 : ../../tb/tb_env/tb_top.sv(28)
285 argv[0]: (0)
286 argv[1]: (handle) tb_top
287 *Verdi* : Begin traversing the scope (tb_top), layer (0).
288 *Verdi* : End of traversing.
289 pliAppHDL_DumpVarComplete traverse var: profile - 
          CPU/Mem usage: 1.000 sys,  0.280 user,  468.83M mem
                   incr: 0.030 sys,  0.000 user,  7.11M mem
                   accu: 0.030 sys,  0.000 user,  7.11M mem
              accu incr: 0.030 sys,  0.000 user,  7.11M mem

          Count usage: 19 var,  21 idcode,  16 callback
                 incr: 19 var,  21 idcode,  16 callback
                 accu: 19 var,  21 idcode,  16 callback
            accu incr: 19 var,  21 idcode,  16 callback
290 Elapsed time:    0:00:06    Tue Oct  7 10:07:43 2025
291 pliAppHDL_DumpVarComplete: profile - 
          CPU/Mem usage: 1.000 sys,  0.280 user,  469.88M mem
                   incr: 0.000 sys,  0.000 user,  1.05M mem
                   accu: 0.030 sys,  0.000 user,  8.16M mem
              accu incr: 0.000 sys,  0.000 user,  1.05M mem

          Count usage: 19 var,  21 idcode,  16 callback
                 incr: 0 var,  0 idcode,  0 callback
                 accu: 19 var,  21 idcode,  16 callback
            accu incr: 0 var,  0 idcode,  0 callback
292 Elapsed time:    0:00:06    Tue Oct  7 10:07:43 2025
293 sps_call_fsdbDumpMDA_vd_main at 0 : ../../tb/tb_env/tb_top.sv(29)
294 *Verdi* : Begin traversing the MDAs, layer (0).
295 *Verdi* : Enable +mda and +packedmda dumping.
296 *Verdi* : End of traversing the MDAs.
297 pliAppHDL_DumpVarComplete traverse var: profile - 
          CPU/Mem usage: 1.000 sys,  0.280 user,  469.88M mem
                   incr: 0.000 sys,  0.000 user,  0.00M mem
                   accu: 0.000 sys,  0.000 user,  0.00M mem
              accu incr: 0.000 sys,  0.000 user,  0.00M mem

          Count usage: 19 var,  21 idcode,  16 callback
                 incr: 0 var,  0 idcode,  0 callback
                 accu: 0 var,  0 idcode,  0 callback
            accu incr: 0 var,  0 idcode,  0 callback
298 Elapsed time:    0:00:06    Tue Oct  7 10:07:43 2025
299 pliAppHDL_DumpVarComplete: profile - 
          CPU/Mem usage: 1.000 sys,  0.280 user,  469.88M mem
                   incr: 0.000 sys,  0.000 user,  0.00M mem
                   accu: 0.000 sys,  0.000 user,  0.00M mem
              accu incr: 0.000 sys,  0.000 user,  0.00M mem

          Count usage: 19 var,  21 idcode,  16 callback
                 incr: 0 var,  0 idcode,  0 callback
                 accu: 0 var,  0 idcode,  0 callback
            accu incr: 0 var,  0 idcode,  0 callback
300 Elapsed time:    0:00:06    Tue Oct  7 10:07:43 2025
301 End of simulation at 460000
302 Memory usage: 473.235 M
303 Elapsed time:    0:00:06    Tue Oct  7 10:07:43 2025
304 Begin FSDB profile info:
305 FSDB Writer : bc1(137) bcn(180) mtf/stf(0/0)
FSDB Writer elapsed time : flush(0.014677) io wait(0.000000) theadpool wait(0.000000)
FSDB Writer cpu time : MT Compression : 0
306 End FSDB profile info
307 FSDB closed. Name: top.fsdb Size: 9874
308 Parallel profile     - ProducerThread:1 ConsumerThread:1 Buffer:64MB
309                      - BlockUsed:1 Acquire:347 BufferUsed:4621
310                      - Flush:4 Expand:0 ProducerWait:0 ConsumerWait:0
311                      - MainProducerTime:1.361609447 TotalConsumerTime:0.000000000
312                      - ElapsedTime:0.626548000
313 Producer   0 profile - BlockUsed:1 Acquire:347 BufferUsed:4621
314 Consumer   0 profile - Affinity:-1 CPUTime:0.000000000 LifeTime:0.000000000 (-nan%)
315                      - BlockUsed:1 Acquire:347 BufferUsed:4621
316 SimExit
317 Elapsed time:    0:00:06    Tue Oct  7 10:07:43 2025
318 Sim process exit
